C51 COMPILER V9.60.7.0   KEY                                                               11/07/2025 21:52:52 PAGE 1   


C51 COMPILER V9.60.7.0, COMPILATION OF MODULE KEY
OBJECT MODULE PLACED IN .\Objects\Key.obj
COMPILER INVOKED BY: C:\Software\Keil\Core\C51\BIN\C51.EXE Key.c OPTIMIZE(8,SPEED) BROWSE DEBUG OBJECTEXTEND PRINT(.\Lis
                    -tings\Key.lst) OBJECT(.\Objects\Key.obj)

line level    source

   1          #include <REGX52.H>
   2          #include "Delay.h"
   3          
   4          
   5          //独立按键函数实现
   6          unsigned char Key()
   7          {
   8   1              unsigned char KeyNumber=0;
   9   1              if(P3_0==0){Delay(20);while(P3_0==0);Delay(20);KeyNumber=1;}
  10   1              if(P3_1==0){Delay(20);while(P3_1==0);Delay(20);KeyNumber=2;}
  11   1              if(P3_2==0){Delay(20);while(P3_2==0);Delay(20);KeyNumber=3;}
  12   1              if(P3_3==0){Delay(20);while(P3_3==0);Delay(20);KeyNumber=4;}
  13   1              if(P1_0==0){Delay(20);while(P1_0==0);Delay(20);KeyNumber=5;}
  14   1              if(P1_1==0){Delay(20);while(P1_1==0);Delay(20);KeyNumber=6;}
  15   1              if(P1_2==0){Delay(20);while(P1_2==0);Delay(20);KeyNumber=7;}
  16   1              if(P1_3==0){Delay(20);while(P1_3==0);Delay(20);KeyNumber=8;}
  17   1              return KeyNumber;
  18   1      }


MODULE INFORMATION:   STATIC OVERLAYABLE
   CODE SIZE        =    189    ----
   CONSTANT SIZE    =   ----    ----
   XDATA SIZE       =   ----    ----
   PDATA SIZE       =   ----    ----
   DATA SIZE        =   ----       1
   IDATA SIZE       =   ----    ----
   BIT SIZE         =   ----    ----
END OF MODULE INFORMATION.


C51 COMPILATION COMPLETE.  0 WARNING(S),  0 ERROR(S)
