C51 COMPILER V9.60.7.0   LCD1602                                                           11/07/2025 21:51:43 PAGE 1   


C51 COMPILER V9.60.7.0, COMPILATION OF MODULE LCD1602
OBJECT MODULE PLACED IN .\Objects\LCD1602.obj
COMPILER INVOKED BY: C:\Software\Keil\Core\C51\BIN\C51.EXE LCD1602.c OPTIMIZE(8,SPEED) BROWSE DEBUG OBJECTEXTEND PRINT(.
                    -\Listings\LCD1602.lst) OBJECT(.\Objects\LCD1602.obj)

line level    source

   1          #include "LCD1602.h"
   2          
   3          
   4          //LCD1602写命令
   5          void LCD_WriteCommand(unsigned char Command)
   6          {
   7   1              LCD_RS=0;
   8   1              LCD_RW=0;
   9   1              LCD_DataPort=Command;
  10   1              LCD_EN=1;
  11   1              Delay(1);
  12   1              LCD_EN=0;
  13   1              Delay(1);
  14   1      }
  15          //LCD1602写数据
  16          void LCD_WriteData(unsigned char Data)
  17          {
  18   1              LCD_RS=1;
  19   1              LCD_RW=0;
  20   1              LCD_DataPort=Data;
  21   1              LCD_EN=1;
  22   1              Delay(1);
  23   1              LCD_EN=0;
  24   1              Delay(1);
  25   1      }
  26          //LCD1602设置光标位置
  27          void LCD_SetCursor(unsigned char Line,unsigned char Column)
  28          {
  29   1              if(Line==1)
  30   1              {
  31   2                      LCD_WriteCommand(0x80|(Column-1));
  32   2              }
  33   1              else if(Line==2)
  34   1              {
  35   2                      LCD_WriteCommand(0x80|(Column-1+0x40));
  36   2              }
  37   1      }
  38          //LCD1602初始化函数
  39          void LCD_Init()
  40          {
  41   1              LCD_WriteCommand(0x38);//八位数据接口，两行显示，5*7点阵
  42   1              LCD_WriteCommand(0x0c);//显示开，光标关，闪烁关
  43   1              LCD_WriteCommand(0x06);//数据读写操作后，光标自动加一，画面不动
  44   1              LCD_WriteCommand(0x01);//光标复位，清屏
  45   1      }
  46          //在LCD1602指定位置上显示一个字符
  47          void LCD_ShowChar(unsigned char Line,unsigned char Column,char Char)
  48          {
  49   1              LCD_SetCursor(Line,Column);
  50   1              LCD_WriteData(Char);
  51   1      }
  52          //在LCD1602指定位置开始显示所给字符串
  53          void LCD_ShowString(unsigned char Line,unsigned char Column,char *String)
  54          {
C51 COMPILER V9.60.7.0   LCD1602                                                           11/07/2025 21:51:43 PAGE 2   

  55   1              unsigned char i;
  56   1              LCD_SetCursor(Line,Column);
  57   1              for(i=0;String[i]!='\0';i++)
  58   1              {
  59   2                      LCD_WriteData(String[i]);
  60   2              }
  61   1      }
  62          // 在LCD1602指定位置开始显示所给数字
  63          void LCD_ShowNum(unsigned char Line,unsigned char Column,unsigned int Number,unsigned char Length)
  64          {
  65   1              unsigned char i;
  66   1              LCD_SetCursor(Line,Column);
  67   1              for(i=Length;i>0;i--)
  68   1              {
  69   2                      LCD_WriteData(Number/LCD_Pow(10,i-1)%10+'0');
  70   2              }
  71   1      }
  72          //LCD1602乘方运算
  73          int LCD_Pow(int X,int Y)
  74          {
  75   1              unsigned char i;
  76   1              int Result=1;
  77   1              for(i=0;i<Y;i++)
  78   1              {
  79   2                      Result*=X;
  80   2              }
  81   1              return Result;
  82   1      }
  83          


MODULE INFORMATION:   STATIC OVERLAYABLE
   CODE SIZE        =    250    ----
   CONSTANT SIZE    =   ----    ----
   XDATA SIZE       =   ----    ----
   PDATA SIZE       =   ----    ----
   DATA SIZE        =   ----      17
   IDATA SIZE       =   ----    ----
   BIT SIZE         =   ----    ----
END OF MODULE INFORMATION.


C51 COMPILATION COMPLETE.  0 WARNING(S),  0 ERROR(S)
